<?xml version="1.0" encoding="UTF-8"?>
<testng-results ignored="0" total="1" passed="1" failed="0" skipped="0">
  <reporter-output>
  </reporter-output>
  <suite started-at="2021-05-21T12:20:37 IST" name="Default suite" finished-at="2021-05-21T12:20:52 IST" duration-ms="14496">
    <groups>
    </groups>
    <test started-at="2021-05-21T12:20:37 IST" name="Default test" finished-at="2021-05-21T12:20:52 IST" duration-ms="14496">
      <class name="com.ZeroKitePrj.TestCase.TC_LoginZeroKite_01">
        <test-method is-config="true" signature="setup()[pri:0, instance:com.ZeroKitePrj.TestCase.TC_LoginZeroKite_01@2b6faea6]" started-at="2021-05-21T12:20:38 IST" name="setup" finished-at="2021-05-21T12:20:44 IST" duration-ms="6982" status="PASS">
          <reporter-output>
          </reporter-output>
        </test-method> <!-- setup -->
        <test-method signature="logintest()[pri:0, instance:com.ZeroKitePrj.TestCase.TC_LoginZeroKite_01@2b6faea6]" started-at="2021-05-21T12:20:45 IST" name="logintest" finished-at="2021-05-21T12:20:49 IST" duration-ms="4355" status="PASS">
          <reporter-output>
          </reporter-output>
        </test-method> <!-- logintest -->
        <test-method is-config="true" signature="tearDown()[pri:0, instance:com.ZeroKitePrj.TestCase.TC_LoginZeroKite_01@2b6faea6]" started-at="2021-05-21T12:20:49 IST" name="tearDown" finished-at="2021-05-21T12:20:52 IST" duration-ms="3096" status="PASS">
          <reporter-output>
          </reporter-output>
        </test-method> <!-- tearDown -->
      </class> <!-- com.ZeroKitePrj.TestCase.TC_LoginZeroKite_01 -->
    </test> <!-- Default test -->
  </suite> <!-- Default suite -->
</testng-results>
